<?xml version="1.0" encoding="UTF-8"?>
<!-- Generated by org.testng.reporters.JUnitReportReporter -->
<testsuite hostname="User-PC" name="com.Mycaar.testcases.UserTest" tests="2" failures="0" timestamp="24 Jan 2018 04:52:02 GMT" time="63.853" errors="0">
  <testcase name="userFunction" time="34.617" classname="com.Mycaar.testcases.UserTest"/>
  <testcase name="localAssesortest" time="29.236" classname="com.Mycaar.testcases.UserTest"/>
</testsuite> <!-- com.Mycaar.testcases.UserTest -->
