<?xml version="1.0" encoding="UTF-8"?>
<!-- Generated by org.testng.reporters.JUnitReportReporter -->
<testsuite hostname="User-PC" name="com.Mycaar.testcases.UserTest" tests="2" failures="0" timestamp="23 Jan 2018 14:35:09 GMT" time="59.753" errors="0">
  <testcase name="localAssesortest" time="40.976" classname="com.Mycaar.testcases.UserTest"/>
  <testcase name="userFunction" time="18.777" classname="com.Mycaar.testcases.UserTest"/>
</testsuite> <!-- com.Mycaar.testcases.UserTest -->
